2024-04-17 18:18:40.640 [main] INFO  opendota.OpenDotaApiApplication - Starting OpenDotaApiApplication using Java 21.0.2 with PID 17032 (D:\java\target\classes started by bonda in D:\java)
2024-04-17 18:18:40.643 [main] INFO  opendota.OpenDotaApiApplication - No active profile set, falling back to 1 default profile: "default"
2024-04-17 18:18:41.658 [main] INFO  o.s.d.r.c.RepositoryConfigurationDelegate - Bootstrapping Spring Data JPA repositories in DEFAULT mode.
2024-04-17 18:18:41.727 [main] INFO  o.s.d.r.c.RepositoryConfigurationDelegate - Finished Spring Data repository scanning in 59 ms. Found 3 JPA repository interfaces.
2024-04-17 18:18:42.721 [main] INFO  o.s.b.w.e.tomcat.TomcatWebServer - Tomcat initialized with port 8080 (http)
2024-04-17 18:18:42.774 [main] INFO  o.a.coyote.http11.Http11NioProtocol - Initializing ProtocolHandler ["http-nio-8080"]
2024-04-17 18:18:42.776 [main] INFO  o.a.catalina.core.StandardService - Starting service [Tomcat]
2024-04-17 18:18:42.777 [main] INFO  o.a.catalina.core.StandardEngine - Starting Servlet engine: [Apache Tomcat/10.1.19]
2024-04-17 18:18:42.865 [main] INFO  o.a.c.c.C.[Tomcat].[localhost].[/] - Initializing Spring embedded WebApplicationContext
2024-04-17 18:18:42.866 [main] INFO  o.s.b.w.s.c.ServletWebServerApplicationContext - Root WebApplicationContext: initialization completed in 2160 ms
2024-04-17 18:18:43.138 [main] INFO  o.h.jpa.internal.util.LogHelper - HHH000204: Processing PersistenceUnitInfo [name: default]
2024-04-17 18:18:43.216 [main] INFO  org.hibernate.Version - HHH000412: Hibernate ORM core version 6.4.4.Final
2024-04-17 18:18:43.258 [main] INFO  o.h.c.i.RegionFactoryInitiator - HHH000026: Second-level cache disabled
2024-04-17 18:18:43.567 [main] INFO  o.s.o.j.p.SpringPersistenceUnitInfo - No LoadTimeWeaver setup: ignoring JPA class transformer
2024-04-17 18:18:43.599 [main] INFO  com.zaxxer.hikari.HikariDataSource - HikariPool-1 - Starting...
2024-04-17 18:18:43.827 [main] INFO  com.zaxxer.hikari.pool.HikariPool - HikariPool-1 - Added connection org.postgresql.jdbc.PgConnection@4a04ca74
2024-04-17 18:18:43.830 [main] INFO  com.zaxxer.hikari.HikariDataSource - HikariPool-1 - Start completed.
2024-04-17 18:18:45.083 [main] INFO  o.h.e.t.j.p.i.JtaPlatformInitiator - HHH000489: No JTA platform available (set 'hibernate.transaction.jta.platform' to enable JTA platform integration)
2024-04-17 18:18:45.190 [main] INFO  o.s.o.j.LocalContainerEntityManagerFactoryBean - Initialized JPA EntityManagerFactory for persistence unit 'default'
2024-04-17 18:18:45.858 [main] INFO  o.s.d.j.r.query.QueryEnhancerFactory - Hibernate is in classpath; If applicable, HQL parser will be used.
2024-04-17 18:18:46.652 [main] WARN  o.s.b.a.o.j.JpaBaseConfiguration$JpaWebConfiguration - spring.jpa.open-in-view is enabled by default. Therefore, database queries may be performed during view rendering. Explicitly configure spring.jpa.open-in-view to disable this warning
2024-04-17 18:18:47.825 [main] INFO  o.a.coyote.http11.Http11NioProtocol - Starting ProtocolHandler ["http-nio-8080"]
2024-04-17 18:18:47.844 [main] INFO  o.s.b.w.e.tomcat.TomcatWebServer - Tomcat started on port 8080 (http) with context path ''
2024-04-17 18:18:47.853 [main] INFO  opendota.OpenDotaApiApplication - Started OpenDotaApiApplication in 7.635 seconds (process running for 8.456)
2024-04-17 18:18:54.562 [SpringApplicationShutdownHook] INFO  o.s.o.j.LocalContainerEntityManagerFactoryBean - Closing JPA EntityManagerFactory for persistence unit 'default'
2024-04-17 18:18:54.567 [SpringApplicationShutdownHook] INFO  com.zaxxer.hikari.HikariDataSource - HikariPool-1 - Shutdown initiated...
2024-04-17 18:18:54.575 [SpringApplicationShutdownHook] INFO  com.zaxxer.hikari.HikariDataSource - HikariPool-1 - Shutdown completed.
2024-04-17 18:19:06.018 [main] INFO  opendota.OpenDotaApiApplication - Starting OpenDotaApiApplication using Java 21.0.2 with PID 25352 (D:\java\target\classes started by bonda in D:\java)
2024-04-17 18:19:06.020 [main] INFO  opendota.OpenDotaApiApplication - No active profile set, falling back to 1 default profile: "default"
2024-04-17 18:19:07.034 [main] INFO  o.s.d.r.c.RepositoryConfigurationDelegate - Bootstrapping Spring Data JPA repositories in DEFAULT mode.
2024-04-17 18:19:07.108 [main] INFO  o.s.d.r.c.RepositoryConfigurationDelegate - Finished Spring Data repository scanning in 63 ms. Found 3 JPA repository interfaces.
2024-04-17 18:19:08.084 [main] INFO  o.s.b.w.e.tomcat.TomcatWebServer - Tomcat initialized with port 8080 (http)
2024-04-17 18:19:08.097 [main] INFO  o.a.coyote.http11.Http11NioProtocol - Initializing ProtocolHandler ["http-nio-8080"]
2024-04-17 18:19:08.100 [main] INFO  o.a.catalina.core.StandardService - Starting service [Tomcat]
2024-04-17 18:19:08.100 [main] INFO  o.a.catalina.core.StandardEngine - Starting Servlet engine: [Apache Tomcat/10.1.19]
2024-04-17 18:19:08.232 [main] INFO  o.a.c.c.C.[Tomcat].[localhost].[/] - Initializing Spring embedded WebApplicationContext
2024-04-17 18:19:08.234 [main] INFO  o.s.b.w.s.c.ServletWebServerApplicationContext - Root WebApplicationContext: initialization completed in 2149 ms
2024-04-17 18:19:08.511 [main] INFO  o.h.jpa.internal.util.LogHelper - HHH000204: Processing PersistenceUnitInfo [name: default]
2024-04-17 18:19:08.599 [main] INFO  org.hibernate.Version - HHH000412: Hibernate ORM core version 6.4.4.Final
2024-04-17 18:19:08.643 [main] INFO  o.h.c.i.RegionFactoryInitiator - HHH000026: Second-level cache disabled
2024-04-17 18:19:08.931 [main] INFO  o.s.o.j.p.SpringPersistenceUnitInfo - No LoadTimeWeaver setup: ignoring JPA class transformer
2024-04-17 18:19:08.964 [main] INFO  com.zaxxer.hikari.HikariDataSource - HikariPool-1 - Starting...
2024-04-17 18:19:09.201 [main] INFO  com.zaxxer.hikari.pool.HikariPool - HikariPool-1 - Added connection org.postgresql.jdbc.PgConnection@4a04ca74
2024-04-17 18:19:09.203 [main] INFO  com.zaxxer.hikari.HikariDataSource - HikariPool-1 - Start completed.
2024-04-17 18:19:10.359 [main] INFO  o.h.e.t.j.p.i.JtaPlatformInitiator - HHH000489: No JTA platform available (set 'hibernate.transaction.jta.platform' to enable JTA platform integration)
2024-04-17 18:19:10.460 [main] INFO  o.s.o.j.LocalContainerEntityManagerFactoryBean - Initialized JPA EntityManagerFactory for persistence unit 'default'
2024-04-17 18:19:11.083 [main] INFO  o.s.d.j.r.query.QueryEnhancerFactory - Hibernate is in classpath; If applicable, HQL parser will be used.
2024-04-17 18:19:11.840 [main] WARN  o.s.b.a.o.j.JpaBaseConfiguration$JpaWebConfiguration - spring.jpa.open-in-view is enabled by default. Therefore, database queries may be performed during view rendering. Explicitly configure spring.jpa.open-in-view to disable this warning
2024-04-17 18:19:13.147 [main] INFO  o.a.coyote.http11.Http11NioProtocol - Starting ProtocolHandler ["http-nio-8080"]
2024-04-17 18:19:13.170 [main] INFO  o.s.b.w.e.tomcat.TomcatWebServer - Tomcat started on port 8080 (http) with context path ''
2024-04-17 18:19:13.179 [main] INFO  opendota.OpenDotaApiApplication - Started OpenDotaApiApplication in 7.593 seconds (process running for 8.33)
2024-04-17 18:19:34.408 [http-nio-8080-exec-2] INFO  o.a.c.c.C.[Tomcat].[localhost].[/] - Initializing Spring DispatcherServlet 'dispatcherServlet'
2024-04-17 18:19:34.409 [http-nio-8080-exec-2] INFO  o.s.web.servlet.DispatcherServlet - Initializing Servlet 'dispatcherServlet'
2024-04-17 18:19:34.411 [http-nio-8080-exec-2] INFO  o.s.web.servlet.DispatcherServlet - Completed initialization in 2 ms
2024-04-17 18:19:34.464 [http-nio-8080-exec-2] ERROR o.exception.ExceptionsHandler - error 400
2024-04-17 18:19:47.200 [http-nio-8080-exec-4] ERROR o.exception.ExceptionsHandler - error 500
2024-04-17 18:20:27.004 [http-nio-8080-exec-6] INFO  opendota.aspects.LoggingAspect - Service method invoked - Class: opendota.service.MatchService, Method: findMatchById, Args: [752]
2024-04-17 18:20:27.004 [http-nio-8080-exec-6] INFO  opendota.aspects.LoggingAspect - Cache get method invoked: get
2024-04-17 18:20:27.115 [http-nio-8080-exec-6] INFO  opendota.aspects.LoggingAspect - Cache put method invoked: put
2024-04-17 18:20:27.116 [http-nio-8080-exec-6] INFO  opendota.service.MatchService - match info is taken from DB and placed into the cache
2024-04-17 18:23:10.461 [http-nio-8080-exec-9] ERROR o.exception.ExceptionsHandler - error 500
2024-04-17 18:23:47.977 [SpringApplicationShutdownHook] INFO  o.s.o.j.LocalContainerEntityManagerFactoryBean - Closing JPA EntityManagerFactory for persistence unit 'default'
2024-04-17 18:23:47.984 [SpringApplicationShutdownHook] INFO  com.zaxxer.hikari.HikariDataSource - HikariPool-1 - Shutdown initiated...
2024-04-17 18:23:47.994 [SpringApplicationShutdownHook] INFO  com.zaxxer.hikari.HikariDataSource - HikariPool-1 - Shutdown completed.
2024-04-17 20:46:02.729 [main] INFO  opendota.OpenDotaApiApplication - Starting OpenDotaApiApplication using Java 21.0.2 with PID 2540 (D:\java\target\classes started by bonda in D:\java)
2024-04-17 20:46:02.732 [main] INFO  opendota.OpenDotaApiApplication - No active profile set, falling back to 1 default profile: "default"
2024-04-17 20:46:03.555 [main] INFO  o.s.d.r.c.RepositoryConfigurationDelegate - Bootstrapping Spring Data JPA repositories in DEFAULT mode.
2024-04-17 20:46:03.604 [main] INFO  o.s.d.r.c.RepositoryConfigurationDelegate - Finished Spring Data repository scanning in 42 ms. Found 3 JPA repository interfaces.
2024-04-17 20:46:04.266 [main] INFO  o.s.b.w.e.tomcat.TomcatWebServer - Tomcat initialized with port 8080 (http)
2024-04-17 20:46:04.275 [main] INFO  o.a.coyote.http11.Http11NioProtocol - Initializing ProtocolHandler ["http-nio-8080"]
2024-04-17 20:46:04.277 [main] INFO  o.a.catalina.core.StandardService - Starting service [Tomcat]
2024-04-17 20:46:04.277 [main] INFO  o.a.catalina.core.StandardEngine - Starting Servlet engine: [Apache Tomcat/10.1.19]
2024-04-17 20:46:04.335 [main] INFO  o.a.c.c.C.[Tomcat].[localhost].[/] - Initializing Spring embedded WebApplicationContext
2024-04-17 20:46:04.335 [main] INFO  o.s.b.w.s.c.ServletWebServerApplicationContext - Root WebApplicationContext: initialization completed in 1555 ms
2024-04-17 20:46:04.504 [main] INFO  o.h.jpa.internal.util.LogHelper - HHH000204: Processing PersistenceUnitInfo [name: default]
2024-04-17 20:46:04.576 [main] INFO  org.hibernate.Version - HHH000412: Hibernate ORM core version 6.4.4.Final
2024-04-17 20:46:04.614 [main] INFO  o.h.c.i.RegionFactoryInitiator - HHH000026: Second-level cache disabled
2024-04-17 20:46:04.832 [main] INFO  o.s.o.j.p.SpringPersistenceUnitInfo - No LoadTimeWeaver setup: ignoring JPA class transformer
2024-04-17 20:46:04.856 [main] INFO  com.zaxxer.hikari.HikariDataSource - HikariPool-1 - Starting...
2024-04-17 20:46:05.028 [main] INFO  com.zaxxer.hikari.pool.HikariPool - HikariPool-1 - Added connection org.postgresql.jdbc.PgConnection@71ad959b
2024-04-17 20:46:05.030 [main] INFO  com.zaxxer.hikari.HikariDataSource - HikariPool-1 - Start completed.
2024-04-17 20:46:05.823 [main] INFO  o.h.e.t.j.p.i.JtaPlatformInitiator - HHH000489: No JTA platform available (set 'hibernate.transaction.jta.platform' to enable JTA platform integration)
2024-04-17 20:46:05.904 [main] INFO  o.s.o.j.LocalContainerEntityManagerFactoryBean - Initialized JPA EntityManagerFactory for persistence unit 'default'
2024-04-17 20:46:06.317 [main] INFO  o.s.d.j.r.query.QueryEnhancerFactory - Hibernate is in classpath; If applicable, HQL parser will be used.
2024-04-17 20:46:06.832 [main] WARN  o.s.b.a.o.j.JpaBaseConfiguration$JpaWebConfiguration - spring.jpa.open-in-view is enabled by default. Therefore, database queries may be performed during view rendering. Explicitly configure spring.jpa.open-in-view to disable this warning
2024-04-17 20:46:07.735 [main] INFO  o.a.coyote.http11.Http11NioProtocol - Starting ProtocolHandler ["http-nio-8080"]
2024-04-17 20:46:07.752 [main] INFO  o.s.b.w.e.tomcat.TomcatWebServer - Tomcat started on port 8080 (http) with context path ''
2024-04-17 20:46:07.760 [main] INFO  opendota.OpenDotaApiApplication - Started OpenDotaApiApplication in 5.379 seconds (process running for 6.041)
2024-04-17 20:46:31.290 [http-nio-8080-exec-1] INFO  o.a.c.c.C.[Tomcat].[localhost].[/] - Initializing Spring DispatcherServlet 'dispatcherServlet'
2024-04-17 20:46:31.290 [http-nio-8080-exec-1] INFO  o.s.web.servlet.DispatcherServlet - Initializing Servlet 'dispatcherServlet'
2024-04-17 20:46:31.291 [http-nio-8080-exec-1] INFO  o.s.web.servlet.DispatcherServlet - Completed initialization in 1 ms
2024-04-17 20:46:31.322 [http-nio-8080-exec-1] ERROR o.exception.ExceptionsHandler - error 400
2024-04-17 20:47:38.203 [http-nio-8080-exec-4] ERROR o.exception.ExceptionsHandler - error 500
2024-04-17 20:56:24.650 [SpringApplicationShutdownHook] INFO  o.s.o.j.LocalContainerEntityManagerFactoryBean - Closing JPA EntityManagerFactory for persistence unit 'default'
2024-04-17 20:56:24.652 [SpringApplicationShutdownHook] INFO  com.zaxxer.hikari.HikariDataSource - HikariPool-1 - Shutdown initiated...
2024-04-17 20:56:24.656 [SpringApplicationShutdownHook] INFO  com.zaxxer.hikari.HikariDataSource - HikariPool-1 - Shutdown completed.
2024-04-23 12:15:32.739 [main] INFO  opendota.service.MatchService - match info has been saved
2024-04-23 12:15:32.775 [main] INFO  opendota.service.MatchService - match info is taken from the cache
2024-04-23 12:15:32.782 [main] INFO  opendota.service.MatchService - information in the database has been deleted
2024-04-23 12:15:32.786 [main] INFO  opendota.service.MatchService - information in the database has been updated
2024-04-23 12:15:32.794 [main] INFO  opendota.service.PlayerService - player info is taken from the cache
2024-04-23 12:15:32.799 [main] INFO  opendota.service.PlayerService - player info is taken from the cache
2024-04-23 12:15:32.803 [main] INFO  opendota.service.PlayerService - players info has been saved
2024-04-23 12:15:32.809 [main] INFO  opendota.service.PlayerService - information in the database has been updated
2024-04-23 12:15:32.892 [main] INFO  opendota.service.CategoryService - information in the database has been updated
2024-04-23 12:15:32.909 [main] INFO  opendota.service.CategoryService - category info is taken from the cache
2024-04-23 12:15:32.914 [main] INFO  opendota.service.CategoryService - category info has been saved
2024-04-23 12:15:33.035 [main] ERROR o.exception.ExceptionsHandler - error 400
2024-04-23 12:15:33.042 [main] ERROR o.exception.ExceptionsHandler - error 404
2024-04-23 12:15:33.059 [main] ERROR o.exception.ExceptionsHandler - error 400
2024-04-23 12:15:33.061 [main] ERROR o.exception.ExceptionsHandler - error 500
2024-04-23 12:18:59.239 [main] INFO  opendota.service.MatchService - match info has been saved
2024-04-23 12:18:59.275 [main] INFO  opendota.service.MatchService - match info is taken from the cache
2024-04-23 12:18:59.280 [main] INFO  opendota.service.MatchService - information in the database has been deleted
2024-04-23 12:18:59.285 [main] INFO  opendota.service.MatchService - information in the database has been updated
2024-04-23 12:18:59.296 [main] INFO  opendota.service.PlayerService - player info is taken from the cache
2024-04-23 12:18:59.302 [main] INFO  opendota.service.PlayerService - player info is taken from the cache
2024-04-23 12:18:59.307 [main] INFO  opendota.service.PlayerService - players info has been saved
2024-04-23 12:18:59.312 [main] INFO  opendota.service.PlayerService - information in the database has been updated
2024-04-23 12:18:59.397 [main] INFO  opendota.service.CategoryService - information in the database has been updated
2024-04-23 12:18:59.412 [main] INFO  opendota.service.CategoryService - category info is taken from the cache
2024-04-23 12:18:59.416 [main] INFO  opendota.service.CategoryService - category info has been saved
2024-04-23 12:18:59.501 [main] ERROR o.exception.ExceptionsHandler - error 400
2024-04-23 12:18:59.507 [main] ERROR o.exception.ExceptionsHandler - error 404
2024-04-23 12:18:59.526 [main] ERROR o.exception.ExceptionsHandler - error 400
2024-04-23 12:18:59.528 [main] ERROR o.exception.ExceptionsHandler - error 500
2024-04-23 12:22:13.591 [main] INFO  opendota.service.MatchService - match info has been saved
2024-04-23 12:22:13.602 [main] INFO  opendota.service.MatchService - player has been placed to matches
2024-04-23 12:22:13.623 [main] INFO  opendota.service.MatchService - match info is taken from the cache
2024-04-23 12:22:13.628 [main] INFO  opendota.service.MatchService - information in the database has been deleted
2024-04-23 12:22:13.633 [main] INFO  opendota.service.MatchService - information in the database has been updated
2024-04-23 12:22:13.639 [main] INFO  opendota.service.PlayerService - player info is taken from the cache
2024-04-23 12:22:13.658 [main] INFO  opendota.service.PlayerService - player info is taken from the cache
2024-04-23 12:22:13.664 [main] INFO  opendota.service.PlayerService - players info has been saved
2024-04-23 12:22:13.668 [main] INFO  opendota.service.PlayerService - information in the database has been updated
2024-04-23 12:22:13.751 [main] INFO  opendota.service.CategoryService - information in the database has been updated
2024-04-23 12:22:13.765 [main] INFO  opendota.service.CategoryService - category info is taken from the cache
2024-04-23 12:22:13.768 [main] INFO  opendota.service.CategoryService - category info has been saved
2024-04-23 12:22:13.854 [main] ERROR o.exception.ExceptionsHandler - error 400
2024-04-23 12:22:13.859 [main] ERROR o.exception.ExceptionsHandler - error 404
2024-04-23 12:22:13.878 [main] ERROR o.exception.ExceptionsHandler - error 400
2024-04-23 12:22:13.881 [main] ERROR o.exception.ExceptionsHandler - error 500
2024-04-23 12:33:59.710 [main] INFO  opendota.service.MatchService - match info has been saved
2024-04-23 12:33:59.749 [main] INFO  opendota.service.MatchService - match info is taken from the cache
2024-04-23 12:33:59.755 [main] INFO  opendota.service.MatchService - information in the database has been deleted
2024-04-23 12:33:59.761 [main] INFO  opendota.service.MatchService - information in the database has been updated
2024-04-23 12:33:59.770 [main] INFO  opendota.service.PlayerService - player info is taken from the cache
2024-04-23 12:33:59.776 [main] INFO  opendota.service.PlayerService - player info is taken from the cache
2024-04-23 12:33:59.782 [main] INFO  opendota.service.PlayerService - players info has been saved
2024-04-23 12:33:59.788 [main] INFO  opendota.service.PlayerService - information in the database has been updated
2024-04-23 12:33:59.887 [main] INFO  opendota.service.CategoryService - information in the database has been updated
2024-04-23 12:33:59.904 [main] INFO  opendota.service.CategoryService - category info is taken from the cache
2024-04-23 12:33:59.908 [main] INFO  opendota.service.CategoryService - category info has been saved
2024-04-23 12:33:59.991 [main] ERROR o.exception.ExceptionsHandler - error 400
2024-04-23 12:33:59.997 [main] ERROR o.exception.ExceptionsHandler - error 404
2024-04-23 12:34:00.017 [main] ERROR o.exception.ExceptionsHandler - error 400
2024-04-23 12:34:00.019 [main] ERROR o.exception.ExceptionsHandler - error 500
2024-04-26 19:51:18.305 [main] INFO  opendota.service.MatchService - match info has been saved
2024-04-26 19:51:18.344 [main] INFO  opendota.service.MatchService - match info is taken from the cache
2024-04-26 19:51:18.349 [main] INFO  opendota.service.MatchService - information in the database has been deleted
2024-04-26 19:51:18.356 [main] INFO  opendota.service.MatchService - information in the database has been updated
2024-04-26 19:51:18.364 [main] INFO  opendota.service.PlayerService - player info is taken from the cache
2024-04-26 19:51:18.370 [main] INFO  opendota.service.PlayerService - player info is taken from the cache
2024-04-26 19:51:18.375 [main] INFO  opendota.service.PlayerService - players info has been saved
2024-04-26 19:51:18.380 [main] INFO  opendota.service.PlayerService - information in the database has been updated
2024-04-26 19:51:18.451 [main] INFO  opendota.service.CategoryService - information in the database has been updated
2024-04-26 19:51:18.468 [main] INFO  opendota.service.CategoryService - category info is taken from the cache
2024-04-26 19:51:18.473 [main] INFO  opendota.service.CategoryService - category info has been saved
2024-04-26 19:51:18.550 [main] ERROR o.exception.ExceptionsHandler - error 400
2024-04-26 19:51:18.556 [main] ERROR o.exception.ExceptionsHandler - error 404
2024-04-26 19:51:18.570 [main] ERROR o.exception.ExceptionsHandler - error 400
2024-04-26 19:51:18.573 [main] ERROR o.exception.ExceptionsHandler - error 500
2024-04-26 19:59:26.933 [main] INFO  opendota.service.MatchService - match info has been saved
2024-04-26 19:59:26.978 [main] INFO  opendota.service.MatchService - match info is taken from the cache
2024-04-26 19:59:26.984 [main] INFO  opendota.service.MatchService - information in the database has been deleted
2024-04-26 19:59:26.992 [main] INFO  opendota.service.MatchService - information in the database has been updated
2024-04-26 19:59:27.002 [main] INFO  opendota.service.PlayerService - player info is taken from the cache
2024-04-26 19:59:27.007 [main] INFO  opendota.service.PlayerService - player info is taken from the cache
2024-04-26 19:59:27.012 [main] INFO  opendota.service.PlayerService - players info has been saved
2024-04-26 19:59:27.018 [main] INFO  opendota.service.PlayerService - information in the database has been updated
2024-04-26 19:59:27.095 [main] INFO  opendota.service.CategoryService - information in the database has been updated
2024-04-26 19:59:27.112 [main] INFO  opendota.service.CategoryService - category info is taken from the cache
2024-04-26 19:59:27.117 [main] INFO  opendota.service.CategoryService - category info has been saved
2024-04-26 19:59:27.196 [main] ERROR o.exception.ExceptionsHandler - error 400
2024-04-26 19:59:27.201 [main] ERROR o.exception.ExceptionsHandler - error 404
2024-04-26 19:59:27.214 [main] ERROR o.exception.ExceptionsHandler - error 400
2024-04-26 19:59:27.217 [main] ERROR o.exception.ExceptionsHandler - error 500
2024-04-26 20:01:05.914 [main] INFO  opendota.service.MatchService - match info has been saved
2024-04-26 20:01:05.927 [main] INFO  opendota.service.MatchService - match info is taken from the cache
2024-04-26 20:01:05.933 [main] INFO  opendota.service.MatchService - information in the database has been deleted
2024-04-26 20:01:05.939 [main] INFO  opendota.service.MatchService - information in the database has been updated
2024-04-26 20:01:05.947 [main] INFO  opendota.service.PlayerService - player info is taken from the cache
2024-04-26 20:01:05.953 [main] INFO  opendota.service.PlayerService - player info is taken from the cache
2024-04-26 20:01:05.959 [main] INFO  opendota.service.PlayerService - players info has been saved
2024-04-26 20:01:05.966 [main] INFO  opendota.service.PlayerService - information in the database has been updated
2024-04-26 20:01:06.042 [main] INFO  opendota.service.CategoryService - information in the database has been updated
2024-04-26 20:01:06.047 [main] INFO  opendota.service.CategoryService - category info is taken from the cache
2024-04-26 20:01:06.053 [main] INFO  opendota.service.CategoryService - category info has been saved
2024-04-26 20:01:06.139 [main] ERROR o.exception.ExceptionsHandler - error 400
2024-04-26 20:01:06.144 [main] ERROR o.exception.ExceptionsHandler - error 404
2024-04-26 20:01:06.157 [main] ERROR o.exception.ExceptionsHandler - error 400
2024-04-26 20:01:06.161 [main] ERROR o.exception.ExceptionsHandler - error 500
2024-04-26 20:01:37.139 [main] INFO  opendota.service.MatchService - match info has been saved
2024-04-26 20:01:37.150 [main] INFO  opendota.service.MatchService - match info is taken from the cache
2024-04-26 20:01:37.156 [main] INFO  opendota.service.MatchService - information in the database has been deleted
2024-04-26 20:01:37.163 [main] INFO  opendota.service.MatchService - information in the database has been updated
2024-04-26 20:01:37.175 [main] INFO  opendota.service.PlayerService - player info is taken from the cache
2024-04-26 20:01:37.181 [main] INFO  opendota.service.PlayerService - player info is taken from the cache
2024-04-26 20:01:37.187 [main] INFO  opendota.service.PlayerService - players info has been saved
2024-04-26 20:01:37.193 [main] INFO  opendota.service.PlayerService - information in the database has been updated
2024-04-26 20:01:37.265 [main] INFO  opendota.service.CategoryService - information in the database has been updated
2024-04-26 20:01:37.271 [main] INFO  opendota.service.CategoryService - category info is taken from the cache
2024-04-26 20:01:37.276 [main] INFO  opendota.service.CategoryService - category info has been saved
2024-04-26 20:01:37.352 [main] ERROR o.exception.ExceptionsHandler - error 400
2024-04-26 20:01:37.357 [main] ERROR o.exception.ExceptionsHandler - error 404
2024-04-26 20:01:37.370 [main] ERROR o.exception.ExceptionsHandler - error 400
2024-04-26 20:01:37.372 [main] ERROR o.exception.ExceptionsHandler - error 500
